TN:
SF:src/components/Form/Button/index.tsx
FN:10,Button
FNF:1
FNH:1
FNDA:3,Button
DA:11,3
LF:1
LH:1
BRF:0
BRH:0
end_of_record
TN:
SF:src/components/Form/CategorySelect/index.tsx
FN:28,CategorySelect
FN:33,handleCategorySelect
FN:46,(anonymous_2)
FN:47,(anonymous_3)
FN:49,(anonymous_4)
FN:56,(anonymous_5)
FNF:6
FNH:4
FNDA:1,CategorySelect
FNDA:0,handleCategorySelect
FNDA:6,(anonymous_2)
FNDA:6,(anonymous_3)
FNDA:0,(anonymous_4)
FNDA:5,(anonymous_5)
DA:34,0
DA:37,1
DA:46,6
DA:48,6
DA:49,0
DA:56,5
LF:6
LH:4
BRF:0
BRH:0
end_of_record
TN:
SF:src/components/Form/CategorySelectButton/index.tsx
FN:11,CategorySelectButton
FNF:1
FNH:1
FNDA:2,CategorySelectButton
DA:12,2
LF:1
LH:1
BRF:0
BRH:0
end_of_record
TN:
SF:src/components/Form/Input/index.tsx
FN:10,Input
FNF:1
FNH:1
FNDA:5,Input
DA:11,5
LF:1
LH:1
BRDA:10,0,0,4
BRF:1
BRH:1
end_of_record
TN:
SF:src/components/Form/InputForm/index.tsx
FN:14,InputForm
FN:19,(anonymous_1)
FNF:2
FNH:2
FNDA:4,InputForm
FNDA:4,(anonymous_1)
DA:15,4
DA:20,4
LF:2
LH:2
BRDA:24,0,0,4
BRDA:24,0,1,0
BRF:2
BRH:1
end_of_record
TN:
SF:src/components/Form/TransactionTypeButton/index.tsx
FN:17,TransactionTypeButton
FNF:1
FNH:1
FNDA:4,TransactionTypeButton
DA:6,1
DA:23,4
LF:2
LH:2
BRF:0
BRH:0
end_of_record
TN:
SF:src/components/HighilightCard/index.tsx
FN:26,HighilightCard
FNF:1
FNH:0
FNDA:0,HighilightCard
DA:20,0
DA:32,0
LF:2
LH:0
BRF:0
BRH:0
end_of_record
TN:
SF:src/components/HistoryCard/index.tsx
FN:12,HistoryCard
FNF:1
FNH:0
FNDA:0,HistoryCard
DA:13,0
LF:1
LH:0
BRF:0
BRH:0
end_of_record
TN:
SF:src/components/SigninSocialButton/index.tsx
FN:12,SigninSocialButton
FNF:1
FNH:0
FNDA:0,SigninSocialButton
DA:13,0
LF:1
LH:0
BRF:0
BRH:0
end_of_record
TN:
SF:src/components/TransactionCard/index.tsx
FN:32,TransactionCard
FN:33,(anonymous_1)
FNF:2
FNH:0
FNDA:0,TransactionCard
FNDA:0,(anonymous_1)
DA:33,0
DA:34,0
LF:2
LH:0
BRDA:38,0,0,0
BRDA:38,0,1,0
BRF:2
BRH:0
end_of_record
TN:
SF:src/hooks/auth.tsx
FN:32,AuthProvider
FN:39,signInWithGoogle
FN:71,signInWithApple
FN:98,signOut
FN:104,(anonymous_4)
FN:105,loadUserStorageData
FN:134,useAuth
FNF:7
FNH:5
FNDA:5,AuthProvider
FNDA:2,signInWithGoogle
FNDA:0,signInWithApple
FNDA:0,signOut
FNDA:2,(anonymous_4)
FNDA:2,loadUserStorageData
FNDA:7,useAuth
DA:30,2
DA:33,5
DA:35,5
DA:37,5
DA:40,2
DA:41,2
DA:49,2
DA:50,1
DA:57,1
DA:59,1
DA:67,0
DA:72,0
DA:73,0
DA:80,0
DA:81,0
DA:82,0
DA:84,0
DA:90,0
DA:91,0
DA:94,0
DA:99,0
DA:101,0
DA:104,5
DA:106,2
DA:108,2
DA:109,0
DA:110,0
DA:113,2
DA:116,2
DA:119,5
DA:135,7
DA:137,7
LF:32
LH:18
BRDA:49,0,0,1
BRDA:49,0,1,1
BRDA:80,1,0,0
BRDA:80,1,1,0
BRDA:108,2,0,0
BRDA:108,2,1,2
BRF:6
BRH:3
end_of_record
TN:
SF:src/routes/app.routes.tsx
FN:12,AppRoutes
FN:31,(anonymous_1)
FN:44,(anonymous_2)
FN:53,(anonymous_3)
FNF:4
FNH:0
FNDA:0,AppRoutes
FNDA:0,(anonymous_1)
FNDA:0,(anonymous_2)
FNDA:0,(anonymous_3)
DA:10,0
DA:13,0
DA:14,0
DA:32,0
DA:45,0
DA:54,0
LF:6
LH:0
BRDA:22,0,0,0
BRDA:22,0,1,0
BRF:2
BRH:0
end_of_record
TN:
SF:src/routes/auth.routes.tsx
FN:7,AuthRoutes
FNF:1
FNH:0
FNDA:0,AuthRoutes
DA:5,0
DA:8,0
LF:2
LH:0
BRF:0
BRH:0
end_of_record
TN:
SF:src/routes/index.tsx
FN:7,Routes
FNF:1
FNH:0
FNDA:0,Routes
DA:8,0
DA:9,0
LF:2
LH:0
BRDA:11,0,0,0
BRDA:11,0,1,0
BRF:2
BRH:0
end_of_record
TN:
SF:src/screens/Dashboard/index.tsx
FN:47,DashBoard
FN:57,getLastTransactionDate
FN:62,(anonymous_2)
FN:72,(anonymous_3)
FN:86,loadTransactions
FN:96,(anonymous_5)
FN:173,(anonymous_6)
FN:228,(anonymous_7)
FN:229,(anonymous_8)
FNF:9
FNH:0
FNDA:0,DashBoard
FNDA:0,getLastTransactionDate
FNDA:0,(anonymous_2)
FNDA:0,(anonymous_3)
FNDA:0,loadTransactions
FNDA:0,(anonymous_5)
FNDA:0,(anonymous_6)
FNDA:0,(anonymous_7)
FNDA:0,(anonymous_8)
DA:48,0
DA:49,0
DA:50,0
DA:54,0
DA:55,0
DA:61,0
DA:62,0
DA:65,0
DA:66,0
DA:69,0
DA:73,0
DA:78,0
DA:87,0
DA:88,0
DA:90,0
DA:92,0
DA:93,0
DA:95,0
DA:97,0
DA:98,0
DA:100,0
DA:103,0
DA:107,0
DA:112,0
DA:123,0
DA:125,0
DA:129,0
DA:134,0
DA:136,0
DA:138,0
DA:169,0
DA:172,0
DA:174,0
DA:177,0
DA:228,0
DA:229,0
LF:36
LH:0
BRDA:65,0,0,0
BRDA:65,0,1,0
BRDA:90,1,0,0
BRDA:90,1,1,0
BRDA:97,2,0,0
BRDA:97,2,1,0
BRDA:145,3,0,0
BRDA:145,3,1,0
BRDA:155,4,0,0
BRDA:155,4,1,0
BRDA:179,5,0,0
BRDA:179,5,1,0
BRF:12
BRH:0
end_of_record
TN:
SF:src/screens/Profile/index.tsx
FN:4,Profile
FN:21,(anonymous_1)
FNF:2
FNH:1
FNDA:2,Profile
FNDA:0,(anonymous_1)
DA:5,2
LF:1
LH:1
BRF:0
BRH:0
end_of_record
TN:
SF:src/screens/Register/index.tsx
FN:38,Register
FN:57,handleTransactionType
FN:61,handleOpenModalCategory
FN:65,handleCloseModalCategory
FN:69,handleRegister
FN:135,(anonymous_5)
FN:141,(anonymous_6)
FNF:7
FNH:2
FNDA:2,Register
FNDA:0,handleTransactionType
FNDA:1,handleOpenModalCategory
FNDA:0,handleCloseModalCategory
FNDA:0,handleRegister
FNDA:0,(anonymous_5)
FNDA:0,(anonymous_6)
DA:30,1
DA:39,2
DA:40,2
DA:42,2
DA:43,2
DA:45,2
DA:55,2
DA:58,0
DA:62,1
DA:66,0
DA:70,0
DA:72,0
DA:73,0
DA:76,0
DA:77,0
DA:79,0
DA:88,0
DA:89,0
DA:90,0
DA:92,0
DA:94,0
DA:96,0
DA:97,0
DA:98,0
DA:100,0
DA:102,0
DA:103,0
DA:107,2
DA:135,0
DA:141,0
LF:30
LH:9
BRDA:72,0,0,0
BRDA:72,0,1,0
BRDA:76,1,0,0
BRDA:76,1,1,0
BRDA:90,2,0,0
BRDA:90,2,1,0
BRDA:121,3,0,2
BRDA:121,3,1,0
BRDA:128,4,0,2
BRDA:128,4,1,0
BRF:10
BRH:2
end_of_record
TN:
SF:src/screens/Resume/index.tsx
FN:46,Resume
FN:57,handleDateChange
FN:65,loadCategories
FN:73,(anonymous_3)
FN:80,(anonymous_4)
FN:88,(anonymous_5)
FN:91,(anonymous_6)
FN:120,(anonymous_7)
FN:144,(anonymous_8)
FN:152,(anonymous_9)
FN:160,(anonymous_10)
FN:173,(anonymous_11)
FNF:12
FNH:0
FNDA:0,Resume
FNDA:0,handleDateChange
FNDA:0,loadCategories
FNDA:0,(anonymous_3)
FNDA:0,(anonymous_4)
FNDA:0,(anonymous_5)
FNDA:0,(anonymous_6)
FNDA:0,(anonymous_7)
FNDA:0,(anonymous_8)
FNDA:0,(anonymous_9)
FNDA:0,(anonymous_10)
FNDA:0,(anonymous_11)
DA:47,0
DA:48,0
DA:52,0
DA:54,0
DA:55,0
DA:58,0
DA:59,0
DA:61,0
DA:66,0
DA:68,0
DA:69,0
DA:70,0
DA:72,0
DA:74,0
DA:79,0
DA:81,0
DA:86,0
DA:88,0
DA:89,0
DA:91,0
DA:92,0
DA:93,0
DA:97,0
DA:98,0
DA:102,0
DA:103,0
DA:104,0
DA:115,0
DA:116,0
DA:119,0
DA:121,0
DA:125,0
DA:144,0
DA:152,0
DA:160,0
DA:174,0
LF:36
LH:0
BRDA:58,0,0,0
BRDA:58,0,1,0
BRDA:70,1,0,0
BRDA:70,1,1,0
BRDA:74,2,0,0
BRDA:74,2,1,0
BRDA:74,2,2,0
BRDA:92,3,0,0
BRDA:92,3,1,0
BRDA:97,4,0,0
BRDA:97,4,1,0
BRDA:131,5,0,0
BRDA:131,5,1,0
BRF:13
BRH:0
end_of_record
TN:
SF:src/screens/Signin/index.tsx
FN:22,Signin
FN:27,handleSignInWithGoogle
FN:38,handleSignInWithApple
FNF:3
FNH:0
FNDA:0,Signin
FNDA:0,handleSignInWithGoogle
FNDA:0,handleSignInWithApple
DA:23,0
DA:25,0
DA:28,0
DA:29,0
DA:30,0
DA:32,0
DA:33,0
DA:35,0
DA:39,0
DA:40,0
DA:41,0
DA:43,0
DA:44,0
DA:46,0
DA:49,0
LF:15
LH:0
BRDA:73,0,0,0
BRDA:73,0,1,0
BRDA:82,1,0,0
BRDA:82,1,1,0
BRF:4
BRH:0
end_of_record
